<?xml version="1.0" encoding="UTF-8"?>
<testsuite xmlns:xsi="http://www.w3.org/2001/XMLSchema-instance" xsi:noNamespaceSchemaLocation="https://maven.apache.org/surefire/maven-failsafe-plugin/xsd/failsafe-test-report.xsd" name="anis.com.beer.order.service.services.BeerOrderManagerImpIT" time="10.224" tests="1" errors="1" skipped="0" failures="0">
  <properties>
    <property name="gopherProxySet" value="false"/>
    <property name="awt.toolkit" value="sun.lwawt.macosx.LWCToolkit"/>
    <property name="java.specification.version" value="11"/>
    <property name="sun.cpu.isalist" value=""/>
    <property name="sun.jnu.encoding" value="UTF-8"/>
    <property name="java.class.path" value="/Users/anismedini/Downloads/mssc-beer-order-service-b/target/test-classes:/Users/anismedini/Downloads/mssc-beer-order-service-b/target/classes:/Users/anismedini/.m2/repository/org/apache/activemq/artemis-jms-server/2.10.1/artemis-jms-server-2.10.1.jar:/Users/anismedini/.m2/repository/org/jboss/logging/jboss-logging/3.4.1.Final/jboss-logging-3.4.1.Final.jar:/Users/anismedini/.m2/repository/org/apache/activemq/artemis-core-client/2.10.1/artemis-core-client-2.10.1.jar:/Users/anismedini/.m2/repository/org/jgroups/jgroups/3.6.13.Final/jgroups-3.6.13.Final.jar:/Users/anismedini/.m2/repository/org/apache/johnzon/johnzon-core/1.2.1/johnzon-core-1.2.1.jar:/Users/anismedini/.m2/repository/io/netty/netty-transport-native-epoll/4.1.43.Final/netty-transport-native-epoll-4.1.43.Final-linux-x86_64.jar:/Users/anismedini/.m2/repository/io/netty/netty-transport-native-unix-common/4.1.43.Final/netty-transport-native-unix-common-4.1.43.Final.jar:/Users/anismedini/.m2/repository/io/netty/netty-transport-native-kqueue/4.1.43.Final/netty-transport-native-kqueue-4.1.43.Final-osx-x86_64.jar:/Users/anismedini/.m2/repository/io/netty/netty-codec-http/4.1.43.Final/netty-codec-http-4.1.43.Final.jar:/Users/anismedini/.m2/repository/io/netty/netty-buffer/4.1.43.Final/netty-buffer-4.1.43.Final.jar:/Users/anismedini/.m2/repository/io/netty/netty-transport/4.1.43.Final/netty-transport-4.1.43.Final.jar:/Users/anismedini/.m2/repository/io/netty/netty-resolver/4.1.43.Final/netty-resolver-4.1.43.Final.jar:/Users/anismedini/.m2/repository/io/netty/netty-handler/4.1.43.Final/netty-handler-4.1.43.Final.jar:/Users/anismedini/.m2/repository/io/netty/netty-codec/4.1.43.Final/netty-codec-4.1.43.Final.jar:/Users/anismedini/.m2/repository/io/netty/netty-common/4.1.43.Final/netty-common-4.1.43.Final.jar:/Users/anismedini/.m2/repository/org/apache/activemq/artemis-jms-client/2.10.1/artemis-jms-client-2.10.1.jar:/Users/anismedini/.m2/repository/org/apache/activemq/artemis-selector/2.10.1/artemis-selector-2.10.1.jar:/Users/anismedini/.m2/repository/org/apache/activemq/artemis-server/2.10.1/artemis-server-2.10.1.jar:/Users/anismedini/.m2/repository/org/jboss/logmanager/jboss-logmanager/2.1.10.Final/jboss-logmanager-2.1.10.Final.jar:/Users/anismedini/.m2/repository/org/wildfly/common/wildfly-common/1.5.1.Final/wildfly-common-1.5.1.Final.jar:/Users/anismedini/.m2/repository/org/apache/activemq/artemis-jdbc-store/2.10.1/artemis-jdbc-store-2.10.1.jar:/Users/anismedini/.m2/repository/org/apache/activemq/activemq-artemis-native/1.0.0/activemq-artemis-native-1.0.0.jar:/Users/anismedini/.m2/repository/org/jctools/jctools-core/2.1.2/jctools-core-2.1.2.jar:/Users/anismedini/.m2/repository/commons-beanutils/commons-beanutils/1.9.4/commons-beanutils-1.9.4.jar:/Users/anismedini/.m2/repository/commons-collections/commons-collections/3.2.2/commons-collections-3.2.2.jar:/Users/anismedini/.m2/repository/org/apache/commons/commons-configuration2/2.4/commons-configuration2-2.4.jar:/Users/anismedini/.m2/repository/org/apache/commons/commons-text/1.6/commons-text-1.6.jar:/Users/anismedini/.m2/repository/commons-io/commons-io/2.6/commons-io-2.6.jar:/Users/anismedini/.m2/repository/org/apache/activemq/artemis-journal/2.10.1/artemis-journal-2.10.1.jar:/Users/anismedini/.m2/repository/org/apache/activemq/artemis-commons/2.10.1/artemis-commons-2.10.1.jar:/Users/anismedini/.m2/repository/org/apache/activemq/artemis-service-extensions/2.10.1/artemis-service-extensions-2.10.1.jar:/Users/anismedini/.m2/repository/org/apache/geronimo/specs/geronimo-jms_2.0_spec/1.0-alpha-2/geronimo-jms_2.0_spec-1.0-alpha-2.jar:/Users/anismedini/.m2/repository/org/apache/geronimo/specs/geronimo-jta_1.1_spec/1.1.1/geronimo-jta_1.1_spec-1.1.1.jar:/Users/anismedini/.m2/repository/com/github/JensPiegsa/wiremock-extension/0.4.0/wiremock-extension-0.4.0.jar:/Users/anismedini/.m2/repository/com/github/tomakehurst/wiremock/2.19.0/wiremock-2.19.0.jar:/Users/anismedini/.m2/repository/org/eclipse/jetty/jetty-server/9.4.22.v20191022/jetty-server-9.4.22.v20191022.jar:/Users/anismedini/.m2/repository/javax/servlet/javax.servlet-api/4.0.1/javax.servlet-api-4.0.1.jar:/Users/anismedini/.m2/repository/org/eclipse/jetty/jetty-http/9.4.22.v20191022/jetty-http-9.4.22.v20191022.jar:/Users/anismedini/.m2/repository/org/eclipse/jetty/jetty-io/9.4.22.v20191022/jetty-io-9.4.22.v20191022.jar:/Users/anismedini/.m2/repository/org/eclipse/jetty/jetty-servlet/9.4.22.v20191022/jetty-servlet-9.4.22.v20191022.jar:/Users/anismedini/.m2/repository/org/eclipse/jetty/jetty-security/9.4.22.v20191022/jetty-security-9.4.22.v20191022.jar:/Users/anismedini/.m2/repository/org/eclipse/jetty/jetty-servlets/9.4.22.v20191022/jetty-servlets-9.4.22.v20191022.jar:/Users/anismedini/.m2/repository/org/eclipse/jetty/jetty-continuation/9.4.22.v20191022/jetty-continuation-9.4.22.v20191022.jar:/Users/anismedini/.m2/repository/org/eclipse/jetty/jetty-util/9.4.22.v20191022/jetty-util-9.4.22.v20191022.jar:/Users/anismedini/.m2/repository/org/eclipse/jetty/jetty-webapp/9.4.22.v20191022/jetty-webapp-9.4.22.v20191022.jar:/Users/anismedini/.m2/repository/org/eclipse/jetty/jetty-xml/9.4.22.v20191022/jetty-xml-9.4.22.v20191022.jar:/Users/anismedini/.m2/repository/com/fasterxml/jackson/core/jackson-core/2.10.0/jackson-core-2.10.0.jar:/Users/anismedini/.m2/repository/com/fasterxml/jackson/core/jackson-annotations/2.10.0/jackson-annotations-2.10.0.jar:/Users/anismedini/.m2/repository/com/fasterxml/jackson/core/jackson-databind/2.10.0/jackson-databind-2.10.0.jar:/Users/anismedini/.m2/repository/org/apache/httpcomponents/httpclient/4.5.10/httpclient-4.5.10.jar:/Users/anismedini/.m2/repository/org/apache/httpcomponents/httpcore/4.4.12/httpcore-4.4.12.jar:/Users/anismedini/.m2/repository/commons-codec/commons-codec/1.13/commons-codec-1.13.jar:/Users/anismedini/.m2/repository/org/xmlunit/xmlunit-legacy/2.6.3/xmlunit-legacy-2.6.3.jar:/Users/anismedini/.m2/repository/net/sf/jopt-simple/jopt-simple/5.0.3/jopt-simple-5.0.3.jar:/Users/anismedini/.m2/repository/org/apache/commons/commons-lang3/3.9/commons-lang3-3.9.jar:/Users/anismedini/.m2/repository/com/flipkart/zjsonpatch/zjsonpatch/0.4.4/zjsonpatch-0.4.4.jar:/Users/anismedini/.m2/repository/com/github/jknack/handlebars/4.0.7/handlebars-4.0.7.jar:/Users/anismedini/.m2/repository/com/github/jknack/handlebars-helpers/4.0.7/handlebars-helpers-4.0.7.jar:/Users/anismedini/.m2/repository/org/springframework/boot/spring-boot-starter-web/2.2.1.RELEASE/spring-boot-starter-web-2.2.1.RELEASE.jar:/Users/anismedini/.m2/repository/org/springframework/boot/spring-boot-starter-json/2.2.1.RELEASE/spring-boot-starter-json-2.2.1.RELEASE.jar:/Users/anismedini/.m2/repository/com/fasterxml/jackson/datatype/jackson-datatype-jsr310/2.10.0/jackson-datatype-jsr310-2.10.0.jar:/Users/anismedini/.m2/repository/com/fasterxml/jackson/module/jackson-module-parameter-names/2.10.0/jackson-module-parameter-names-2.10.0.jar:/Users/anismedini/.m2/repository/org/springframework/boot/spring-boot-starter-tomcat/2.2.1.RELEASE/spring-boot-starter-tomcat-2.2.1.RELEASE.jar:/Users/anismedini/.m2/repository/org/apache/tomcat/embed/tomcat-embed-core/9.0.27/tomcat-embed-core-9.0.27.jar:/Users/anismedini/.m2/repository/org/apache/tomcat/embed/tomcat-embed-el/9.0.27/tomcat-embed-el-9.0.27.jar:/Users/anismedini/.m2/repository/org/apache/tomcat/embed/tomcat-embed-websocket/9.0.27/tomcat-embed-websocket-9.0.27.jar:/Users/anismedini/.m2/repository/org/springframework/boot/spring-boot-starter-validation/2.2.1.RELEASE/spring-boot-starter-validation-2.2.1.RELEASE.jar:/Users/anismedini/.m2/repository/jakarta/validation/jakarta.validation-api/2.0.1/jakarta.validation-api-2.0.1.jar:/Users/anismedini/.m2/repository/org/hibernate/validator/hibernate-validator/6.0.18.Final/hibernate-validator-6.0.18.Final.jar:/Users/anismedini/.m2/repository/org/springframework/spring-web/5.2.1.RELEASE/spring-web-5.2.1.RELEASE.jar:/Users/anismedini/.m2/repository/org/springframework/spring-beans/5.2.1.RELEASE/spring-beans-5.2.1.RELEASE.jar:/Users/anismedini/.m2/repository/org/springframework/spring-webmvc/5.2.1.RELEASE/spring-webmvc-5.2.1.RELEASE.jar:/Users/anismedini/.m2/repository/org/springframework/spring-aop/5.2.1.RELEASE/spring-aop-5.2.1.RELEASE.jar:/Users/anismedini/.m2/repository/org/springframework/spring-context/5.2.1.RELEASE/spring-context-5.2.1.RELEASE.jar:/Users/anismedini/.m2/repository/org/springframework/spring-expression/5.2.1.RELEASE/spring-expression-5.2.1.RELEASE.jar:/Users/anismedini/.m2/repository/org/springframework/boot/spring-boot-starter-data-jpa/2.2.1.RELEASE/spring-boot-starter-data-jpa-2.2.1.RELEASE.jar:/Users/anismedini/.m2/repository/org/springframework/boot/spring-boot-starter-aop/2.2.1.RELEASE/spring-boot-starter-aop-2.2.1.RELEASE.jar:/Users/anismedini/.m2/repository/org/aspectj/aspectjweaver/1.9.4/aspectjweaver-1.9.4.jar:/Users/anismedini/.m2/repository/org/springframework/boot/spring-boot-starter-jdbc/2.2.1.RELEASE/spring-boot-starter-jdbc-2.2.1.RELEASE.jar:/Users/anismedini/.m2/repository/com/zaxxer/HikariCP/3.4.1/HikariCP-3.4.1.jar:/Users/anismedini/.m2/repository/org/springframework/spring-jdbc/5.2.1.RELEASE/spring-jdbc-5.2.1.RELEASE.jar:/Users/anismedini/.m2/repository/jakarta/activation/jakarta.activation-api/1.2.1/jakarta.activation-api-1.2.1.jar:/Users/anismedini/.m2/repository/jakarta/persistence/jakarta.persistence-api/2.2.3/jakarta.persistence-api-2.2.3.jar:/Users/anismedini/.m2/repository/jakarta/transaction/jakarta.transaction-api/1.3.3/jakarta.transaction-api-1.3.3.jar:/Users/anismedini/.m2/repository/org/hibernate/hibernate-core/5.4.8.Final/hibernate-core-5.4.8.Final.jar:/Users/anismedini/.m2/repository/org/javassist/javassist/3.24.0-GA/javassist-3.24.0-GA.jar:/Users/anismedini/.m2/repository/net/bytebuddy/byte-buddy/1.10.2/byte-buddy-1.10.2.jar:/Users/anismedini/.m2/repository/antlr/antlr/2.7.7/antlr-2.7.7.jar:/Users/anismedini/.m2/repository/org/jboss/jandex/2.0.5.Final/jandex-2.0.5.Final.jar:/Users/anismedini/.m2/repository/com/fasterxml/classmate/1.5.1/classmate-1.5.1.jar:/Users/anismedini/.m2/repository/org/dom4j/dom4j/2.1.1/dom4j-2.1.1.jar:/Users/anismedini/.m2/repository/org/hibernate/common/hibernate-commons-annotations/5.1.0.Final/hibernate-commons-annotations-5.1.0.Final.jar:/Users/anismedini/.m2/repository/org/glassfish/jaxb/jaxb-runtime/2.3.2/jaxb-runtime-2.3.2.jar:/Users/anismedini/.m2/repository/org/glassfish/jaxb/txw2/2.3.2/txw2-2.3.2.jar:/Users/anismedini/.m2/repository/com/sun/istack/istack-commons-runtime/3.0.8/istack-commons-runtime-3.0.8.jar:/Users/anismedini/.m2/repository/org/jvnet/staxex/stax-ex/1.8.1/stax-ex-1.8.1.jar:/Users/anismedini/.m2/repository/com/sun/xml/fastinfoset/FastInfoset/1.2.16/FastInfoset-1.2.16.jar:/Users/anismedini/.m2/repository/org/springframework/data/spring-data-jpa/2.2.1.RELEASE/spring-data-jpa-2.2.1.RELEASE.jar:/Users/anismedini/.m2/repository/org/springframework/data/spring-data-commons/2.2.1.RELEASE/spring-data-commons-2.2.1.RELEASE.jar:/Users/anismedini/.m2/repository/org/springframework/spring-orm/5.2.1.RELEASE/spring-orm-5.2.1.RELEASE.jar:/Users/anismedini/.m2/repository/org/springframework/spring-aspects/5.2.1.RELEASE/spring-aspects-5.2.1.RELEASE.jar:/Users/anismedini/.m2/repository/org/springframework/boot/spring-boot-starter-artemis/2.2.1.RELEASE/spring-boot-starter-artemis-2.2.1.RELEASE.jar:/Users/anismedini/.m2/repository/org/springframework/spring-jms/5.2.1.RELEASE/spring-jms-5.2.1.RELEASE.jar:/Users/anismedini/.m2/repository/jakarta/jms/jakarta.jms-api/2.0.3/jakarta.jms-api-2.0.3.jar:/Users/anismedini/.m2/repository/jakarta/json/jakarta.json-api/1.1.6/jakarta.json-api-1.1.6.jar:/Users/anismedini/.m2/repository/com/h2database/h2/1.4.200/h2-1.4.200.jar:/Users/anismedini/.m2/repository/mysql/mysql-connector-java/8.0.18/mysql-connector-java-8.0.18.jar:/Users/anismedini/.m2/repository/javax/xml/bind/jaxb-api/2.3.0/jaxb-api-2.3.0.jar:/Users/anismedini/.m2/repository/com/sun/xml/bind/jaxb-core/2.3.0/jaxb-core-2.3.0.jar:/Users/anismedini/.m2/repository/com/sun/xml/bind/jaxb-impl/2.3.0/jaxb-impl-2.3.0.jar:/Users/anismedini/.m2/repository/org/springframework/boot/spring-boot-starter/2.2.1.RELEASE/spring-boot-starter-2.2.1.RELEASE.jar:/Users/anismedini/.m2/repository/org/springframework/boot/spring-boot/2.2.1.RELEASE/spring-boot-2.2.1.RELEASE.jar:/Users/anismedini/.m2/repository/org/springframework/boot/spring-boot-autoconfigure/2.2.1.RELEASE/spring-boot-autoconfigure-2.2.1.RELEASE.jar:/Users/anismedini/.m2/repository/org/springframework/boot/spring-boot-starter-logging/2.2.1.RELEASE/spring-boot-starter-logging-2.2.1.RELEASE.jar:/Users/anismedini/.m2/repository/ch/qos/logback/logback-classic/1.2.3/logback-classic-1.2.3.jar:/Users/anismedini/.m2/repository/ch/qos/logback/logback-core/1.2.3/logback-core-1.2.3.jar:/Users/anismedini/.m2/repository/org/apache/logging/log4j/log4j-to-slf4j/2.12.1/log4j-to-slf4j-2.12.1.jar:/Users/anismedini/.m2/repository/org/apache/logging/log4j/log4j-api/2.12.1/log4j-api-2.12.1.jar:/Users/anismedini/.m2/repository/org/slf4j/jul-to-slf4j/1.7.29/jul-to-slf4j-1.7.29.jar:/Users/anismedini/.m2/repository/jakarta/annotation/jakarta.annotation-api/1.3.5/jakarta.annotation-api-1.3.5.jar:/Users/anismedini/.m2/repository/org/springframework/spring-core/5.2.1.RELEASE/spring-core-5.2.1.RELEASE.jar:/Users/anismedini/.m2/repository/org/springframework/spring-jcl/5.2.1.RELEASE/spring-jcl-5.2.1.RELEASE.jar:/Users/anismedini/.m2/repository/org/yaml/snakeyaml/1.25/snakeyaml-1.25.jar:/Users/anismedini/.m2/repository/org/springframework/boot/spring-boot-starter-actuator/2.2.1.RELEASE/spring-boot-starter-actuator-2.2.1.RELEASE.jar:/Users/anismedini/.m2/repository/org/springframework/boot/spring-boot-actuator-autoconfigure/2.2.1.RELEASE/spring-boot-actuator-autoconfigure-2.2.1.RELEASE.jar:/Users/anismedini/.m2/repository/org/springframework/boot/spring-boot-actuator/2.2.1.RELEASE/spring-boot-actuator-2.2.1.RELEASE.jar:/Users/anismedini/.m2/repository/io/micrometer/micrometer-core/1.3.1/micrometer-core-1.3.1.jar:/Users/anismedini/.m2/repository/org/hdrhistogram/HdrHistogram/2.1.11/HdrHistogram-2.1.11.jar:/Users/anismedini/.m2/repository/org/latencyutils/LatencyUtils/2.0.3/LatencyUtils-2.0.3.jar:/Users/anismedini/.m2/repository/org/projectlombok/lombok/1.18.10/lombok-1.18.10.jar:/Users/anismedini/.m2/repository/org/mapstruct/mapstruct/1.3.1.Final/mapstruct-1.3.1.Final.jar:/Users/anismedini/.m2/repository/org/junit/jupiter/junit-jupiter-api/5.5.2/junit-jupiter-api-5.5.2.jar:/Users/anismedini/.m2/repository/org/apiguardian/apiguardian-api/1.1.0/apiguardian-api-1.1.0.jar:/Users/anismedini/.m2/repository/org/opentest4j/opentest4j/1.2.0/opentest4j-1.2.0.jar:/Users/anismedini/.m2/repository/org/junit/platform/junit-platform-commons/1.5.2/junit-platform-commons-1.5.2.jar:/Users/anismedini/.m2/repository/org/junit/jupiter/junit-jupiter-engine/5.5.2/junit-jupiter-engine-5.5.2.jar:/Users/anismedini/.m2/repository/org/junit/platform/junit-platform-engine/1.5.2/junit-platform-engine-1.5.2.jar:/Users/anismedini/.m2/repository/org/mockito/mockito-junit-jupiter/3.1.0/mockito-junit-jupiter-3.1.0.jar:/Users/anismedini/.m2/repository/org/mockito/mockito-core/3.1.0/mockito-core-3.1.0.jar:/Users/anismedini/.m2/repository/net/bytebuddy/byte-buddy-agent/1.10.2/byte-buddy-agent-1.10.2.jar:/Users/anismedini/.m2/repository/org/objenesis/objenesis/2.6/objenesis-2.6.jar:/Users/anismedini/.m2/repository/org/awaitility/awaitility/4.0.1/awaitility-4.0.1.jar:/Users/anismedini/.m2/repository/org/hamcrest/hamcrest/2.1/hamcrest-2.1.jar:/Users/anismedini/.m2/repository/org/spockframework/spock-spring/1.3-groovy-2.5/spock-spring-1.3-groovy-2.5.jar:/Users/anismedini/.m2/repository/org/codehaus/groovy/groovy/2.5.8/groovy-2.5.8.jar:/Users/anismedini/.m2/repository/org/codehaus/groovy/groovy-json/2.5.8/groovy-json-2.5.8.jar:/Users/anismedini/.m2/repository/org/codehaus/groovy/groovy-nio/2.5.8/groovy-nio-2.5.8.jar:/Users/anismedini/.m2/repository/org/codehaus/groovy/groovy-macro/2.5.8/groovy-macro-2.5.8.jar:/Users/anismedini/.m2/repository/org/codehaus/groovy/groovy-templates/2.5.8/groovy-templates-2.5.8.jar:/Users/anismedini/.m2/repository/org/codehaus/groovy/groovy-test/2.5.8/groovy-test-2.5.8.jar:/Users/anismedini/.m2/repository/org/codehaus/groovy/groovy-sql/2.5.8/groovy-sql-2.5.8.jar:/Users/anismedini/.m2/repository/org/codehaus/groovy/groovy-xml/2.5.8/groovy-xml-2.5.8.jar:/Users/anismedini/.m2/repository/org/spockframework/spock-core/1.3-groovy-2.5/spock-core-1.3-groovy-2.5.jar:/Users/anismedini/.m2/repository/junit/junit/4.12/junit-4.12.jar:/Users/anismedini/.m2/repository/org/hamcrest/hamcrest-core/2.1/hamcrest-core-2.1.jar:/Users/anismedini/.m2/repository/org/springframework/statemachine/spring-statemachine-core/2.1.2.RELEASE/spring-statemachine-core-2.1.2.RELEASE.jar:/Users/anismedini/.m2/repository/org/springframework/spring-tx/5.2.1.RELEASE/spring-tx-5.2.1.RELEASE.jar:/Users/anismedini/.m2/repository/org/springframework/spring-messaging/5.2.1.RELEASE/spring-messaging-5.2.1.RELEASE.jar:/Users/anismedini/.m2/repository/com/atlassian/oai/swagger-request-validator-core/2.7.0/swagger-request-validator-core-2.7.0.jar:/Users/anismedini/.m2/repository/io/swagger/parser/v3/swagger-parser/2.0.14/swagger-parser-2.0.14.jar:/Users/anismedini/.m2/repository/io/swagger/parser/v3/swagger-parser-v2-converter/2.0.14/swagger-parser-v2-converter-2.0.14.jar:/Users/anismedini/.m2/repository/io/swagger/swagger-parser/1.0.46/swagger-parser-1.0.46.jar:/Users/anismedini/.m2/repository/io/swagger/swagger-core/1.5.23/swagger-core-1.5.23.jar:/Users/anismedini/.m2/repository/io/swagger/swagger-models/1.5.23/swagger-models-1.5.23.jar:/Users/anismedini/.m2/repository/io/swagger/swagger-annotations/1.5.23/swagger-annotations-1.5.23.jar:/Users/anismedini/.m2/repository/io/swagger/swagger-compat-spec-parser/1.0.46/swagger-compat-spec-parser-1.0.46.jar:/Users/anismedini/.m2/repository/com/github/fge/json-patch/1.6/json-patch-1.6.jar:/Users/anismedini/.m2/repository/com/github/fge/jackson-coreutils/1.6/jackson-coreutils-1.6.jar:/Users/anismedini/.m2/repository/io/swagger/core/v3/swagger-models/2.0.9/swagger-models-2.0.9.jar:/Users/anismedini/.m2/repository/io/swagger/parser/v3/swagger-parser-core/2.0.14/swagger-parser-core-2.0.14.jar:/Users/anismedini/.m2/repository/io/swagger/parser/v3/swagger-parser-v3/2.0.14/swagger-parser-v3-2.0.14.jar:/Users/anismedini/.m2/repository/io/swagger/core/v3/swagger-core/2.0.9/swagger-core-2.0.9.jar:/Users/anismedini/.m2/repository/io/swagger/core/v3/swagger-annotations/2.0.9/swagger-annotations-2.0.9.jar:/Users/anismedini/.m2/repository/javax/validation/validation-api/2.0.1.Final/validation-api-2.0.1.Final.jar:/Users/anismedini/.m2/repository/com/fasterxml/jackson/dataformat/jackson-dataformat-yaml/2.10.0/jackson-dataformat-yaml-2.10.0.jar:/Users/anismedini/.m2/repository/org/slf4j/slf4j-ext/1.7.29/slf4j-ext-1.7.29.jar:/Users/anismedini/.m2/repository/com/github/java-json-tools/json-schema-validator/2.2.11/json-schema-validator-2.2.11.jar:/Users/anismedini/.m2/repository/com/github/java-json-tools/json-schema-core/1.2.10/json-schema-core-1.2.10.jar:/Users/anismedini/.m2/repository/com/github/java-json-tools/jackson-coreutils/1.9/jackson-coreutils-1.9.jar:/Users/anismedini/.m2/repository/com/github/fge/msg-simple/1.1/msg-simple-1.1.jar:/Users/anismedini/.m2/repository/com/github/fge/btf/1.2/btf-1.2.jar:/Users/anismedini/.m2/repository/com/github/fge/uri-template/0.9/uri-template-0.9.jar:/Users/anismedini/.m2/repository/org/mozilla/rhino/1.7.7.1/rhino-1.7.7.1.jar:/Users/anismedini/.m2/repository/com/sun/mail/mailapi/1.6.1/mailapi-1.6.1.jar:/Users/anismedini/.m2/repository/javax/activation/activation/1.1/activation-1.1.jar:/Users/anismedini/.m2/repository/joda-time/joda-time/2.10.5/joda-time-2.10.5.jar:/Users/anismedini/.m2/repository/com/googlecode/libphonenumber/libphonenumber/8.0.0/libphonenumber-8.0.0.jar:/Users/anismedini/.m2/repository/org/slf4j/slf4j-api/1.7.29/slf4j-api-1.7.29.jar:/Users/anismedini/.m2/repository/com/google/guava/guava/28.1-jre/guava-28.1-jre.jar:/Users/anismedini/.m2/repository/com/google/guava/failureaccess/1.0.1/failureaccess-1.0.1.jar:/Users/anismedini/.m2/repository/com/google/guava/listenablefuture/9999.0-empty-to-avoid-conflict-with-guava/listenablefuture-9999.0-empty-to-avoid-conflict-with-guava.jar:/Users/anismedini/.m2/repository/org/checkerframework/checker-qual/2.8.1/checker-qual-2.8.1.jar:/Users/anismedini/.m2/repository/com/google/errorprone/error_prone_annotations/2.3.2/error_prone_annotations-2.3.2.jar:/Users/anismedini/.m2/repository/com/google/j2objc/j2objc-annotations/1.3/j2objc-annotations-1.3.jar:/Users/anismedini/.m2/repository/org/codehaus/mojo/animal-sniffer-annotations/1.18/animal-sniffer-annotations-1.18.jar:/Users/anismedini/.m2/repository/com/google/code/findbugs/jsr305/3.0.2/jsr305-3.0.2.jar:/Users/anismedini/.m2/repository/com/fasterxml/jackson/datatype/jackson-datatype-jdk8/2.10.0/jackson-datatype-jdk8-2.10.0.jar:/Users/anismedini/.m2/repository/com/atlassian/oai/swagger-request-validator-mockmvc/2.7.0/swagger-request-validator-mockmvc-2.7.0.jar:/Users/anismedini/.m2/repository/org/springframework/spring-test/5.2.1.RELEASE/spring-test-5.2.1.RELEASE.jar:/Users/anismedini/.m2/repository/com/atlassian/oai/swagger-request-validator-springmvc/2.7.0/swagger-request-validator-springmvc-2.7.0.jar:/Users/anismedini/.m2/repository/org/springframework/boot/spring-boot-starter-test/2.2.1.RELEASE/spring-boot-starter-test-2.2.1.RELEASE.jar:/Users/anismedini/.m2/repository/org/springframework/boot/spring-boot-test/2.2.1.RELEASE/spring-boot-test-2.2.1.RELEASE.jar:/Users/anismedini/.m2/repository/org/springframework/boot/spring-boot-test-autoconfigure/2.2.1.RELEASE/spring-boot-test-autoconfigure-2.2.1.RELEASE.jar:/Users/anismedini/.m2/repository/com/jayway/jsonpath/json-path/2.4.0/json-path-2.4.0.jar:/Users/anismedini/.m2/repository/net/minidev/json-smart/2.3/json-smart-2.3.jar:/Users/anismedini/.m2/repository/net/minidev/accessors-smart/1.2/accessors-smart-1.2.jar:/Users/anismedini/.m2/repository/org/ow2/asm/asm/5.0.4/asm-5.0.4.jar:/Users/anismedini/.m2/repository/jakarta/xml/bind/jakarta.xml.bind-api/2.3.2/jakarta.xml.bind-api-2.3.2.jar:/Users/anismedini/.m2/repository/org/junit/jupiter/junit-jupiter/5.5.2/junit-jupiter-5.5.2.jar:/Users/anismedini/.m2/repository/org/junit/jupiter/junit-jupiter-params/5.5.2/junit-jupiter-params-5.5.2.jar:/Users/anismedini/.m2/repository/org/junit/vintage/junit-vintage-engine/5.5.2/junit-vintage-engine-5.5.2.jar:/Users/anismedini/.m2/repository/org/assertj/assertj-core/3.13.2/assertj-core-3.13.2.jar:/Users/anismedini/.m2/repository/org/skyscreamer/jsonassert/1.5.0/jsonassert-1.5.0.jar:/Users/anismedini/.m2/repository/com/vaadin/external/google/android-json/0.0.20131108.vaadin1/android-json-0.0.20131108.vaadin1.jar:/Users/anismedini/.m2/repository/org/xmlunit/xmlunit-core/2.6.3/xmlunit-core-2.6.3.jar:"/>
    <property name="java.vm.vendor" value="Amazon.com Inc."/>
    <property name="sun.arch.data.model" value="64"/>
    <property name="java.vendor.url" value="https://aws.amazon.com/corretto/"/>
    <property name="user.timezone" value=""/>
    <property name="java.vm.specification.version" value="11"/>
    <property name="os.name" value="Mac OS X"/>
    <property name="sun.java.launcher" value="SUN_STANDARD"/>
    <property name="user.country" value="US"/>
    <property name="sun.boot.library.path" value="/Users/anismedini/Library/Java/JavaVirtualMachines/corretto-11.0.6/Contents/Home/lib"/>
    <property name="sun.java.command" value="/Users/anismedini/Downloads/mssc-beer-order-service-b/target/surefire/surefirebooter3688555118091119334.jar /Users/anismedini/Downloads/mssc-beer-order-service-b/target/surefire 2020-09-29T23-26-43_683-jvmRun1 surefire14862387591703194185tmp surefire_010144718818961642888tmp"/>
    <property name="http.nonProxyHosts" value="local|*.local|169.254/16|*.169.254/16"/>
    <property name="jdk.debug" value="release"/>
    <property name="surefire.test.class.path" value="/Users/anismedini/Downloads/mssc-beer-order-service-b/target/test-classes:/Users/anismedini/Downloads/mssc-beer-order-service-b/target/classes:/Users/anismedini/.m2/repository/org/apache/activemq/artemis-jms-server/2.10.1/artemis-jms-server-2.10.1.jar:/Users/anismedini/.m2/repository/org/jboss/logging/jboss-logging/3.4.1.Final/jboss-logging-3.4.1.Final.jar:/Users/anismedini/.m2/repository/org/apache/activemq/artemis-core-client/2.10.1/artemis-core-client-2.10.1.jar:/Users/anismedini/.m2/repository/org/jgroups/jgroups/3.6.13.Final/jgroups-3.6.13.Final.jar:/Users/anismedini/.m2/repository/org/apache/johnzon/johnzon-core/1.2.1/johnzon-core-1.2.1.jar:/Users/anismedini/.m2/repository/io/netty/netty-transport-native-epoll/4.1.43.Final/netty-transport-native-epoll-4.1.43.Final-linux-x86_64.jar:/Users/anismedini/.m2/repository/io/netty/netty-transport-native-unix-common/4.1.43.Final/netty-transport-native-unix-common-4.1.43.Final.jar:/Users/anismedini/.m2/repository/io/netty/netty-transport-native-kqueue/4.1.43.Final/netty-transport-native-kqueue-4.1.43.Final-osx-x86_64.jar:/Users/anismedini/.m2/repository/io/netty/netty-codec-http/4.1.43.Final/netty-codec-http-4.1.43.Final.jar:/Users/anismedini/.m2/repository/io/netty/netty-buffer/4.1.43.Final/netty-buffer-4.1.43.Final.jar:/Users/anismedini/.m2/repository/io/netty/netty-transport/4.1.43.Final/netty-transport-4.1.43.Final.jar:/Users/anismedini/.m2/repository/io/netty/netty-resolver/4.1.43.Final/netty-resolver-4.1.43.Final.jar:/Users/anismedini/.m2/repository/io/netty/netty-handler/4.1.43.Final/netty-handler-4.1.43.Final.jar:/Users/anismedini/.m2/repository/io/netty/netty-codec/4.1.43.Final/netty-codec-4.1.43.Final.jar:/Users/anismedini/.m2/repository/io/netty/netty-common/4.1.43.Final/netty-common-4.1.43.Final.jar:/Users/anismedini/.m2/repository/org/apache/activemq/artemis-jms-client/2.10.1/artemis-jms-client-2.10.1.jar:/Users/anismedini/.m2/repository/org/apache/activemq/artemis-selector/2.10.1/artemis-selector-2.10.1.jar:/Users/anismedini/.m2/repository/org/apache/activemq/artemis-server/2.10.1/artemis-server-2.10.1.jar:/Users/anismedini/.m2/repository/org/jboss/logmanager/jboss-logmanager/2.1.10.Final/jboss-logmanager-2.1.10.Final.jar:/Users/anismedini/.m2/repository/org/wildfly/common/wildfly-common/1.5.1.Final/wildfly-common-1.5.1.Final.jar:/Users/anismedini/.m2/repository/org/apache/activemq/artemis-jdbc-store/2.10.1/artemis-jdbc-store-2.10.1.jar:/Users/anismedini/.m2/repository/org/apache/activemq/activemq-artemis-native/1.0.0/activemq-artemis-native-1.0.0.jar:/Users/anismedini/.m2/repository/org/jctools/jctools-core/2.1.2/jctools-core-2.1.2.jar:/Users/anismedini/.m2/repository/commons-beanutils/commons-beanutils/1.9.4/commons-beanutils-1.9.4.jar:/Users/anismedini/.m2/repository/commons-collections/commons-collections/3.2.2/commons-collections-3.2.2.jar:/Users/anismedini/.m2/repository/org/apache/commons/commons-configuration2/2.4/commons-configuration2-2.4.jar:/Users/anismedini/.m2/repository/org/apache/commons/commons-text/1.6/commons-text-1.6.jar:/Users/anismedini/.m2/repository/commons-io/commons-io/2.6/commons-io-2.6.jar:/Users/anismedini/.m2/repository/org/apache/activemq/artemis-journal/2.10.1/artemis-journal-2.10.1.jar:/Users/anismedini/.m2/repository/org/apache/activemq/artemis-commons/2.10.1/artemis-commons-2.10.1.jar:/Users/anismedini/.m2/repository/org/apache/activemq/artemis-service-extensions/2.10.1/artemis-service-extensions-2.10.1.jar:/Users/anismedini/.m2/repository/org/apache/geronimo/specs/geronimo-jms_2.0_spec/1.0-alpha-2/geronimo-jms_2.0_spec-1.0-alpha-2.jar:/Users/anismedini/.m2/repository/org/apache/geronimo/specs/geronimo-jta_1.1_spec/1.1.1/geronimo-jta_1.1_spec-1.1.1.jar:/Users/anismedini/.m2/repository/com/github/JensPiegsa/wiremock-extension/0.4.0/wiremock-extension-0.4.0.jar:/Users/anismedini/.m2/repository/com/github/tomakehurst/wiremock/2.19.0/wiremock-2.19.0.jar:/Users/anismedini/.m2/repository/org/eclipse/jetty/jetty-server/9.4.22.v20191022/jetty-server-9.4.22.v20191022.jar:/Users/anismedini/.m2/repository/javax/servlet/javax.servlet-api/4.0.1/javax.servlet-api-4.0.1.jar:/Users/anismedini/.m2/repository/org/eclipse/jetty/jetty-http/9.4.22.v20191022/jetty-http-9.4.22.v20191022.jar:/Users/anismedini/.m2/repository/org/eclipse/jetty/jetty-io/9.4.22.v20191022/jetty-io-9.4.22.v20191022.jar:/Users/anismedini/.m2/repository/org/eclipse/jetty/jetty-servlet/9.4.22.v20191022/jetty-servlet-9.4.22.v20191022.jar:/Users/anismedini/.m2/repository/org/eclipse/jetty/jetty-security/9.4.22.v20191022/jetty-security-9.4.22.v20191022.jar:/Users/anismedini/.m2/repository/org/eclipse/jetty/jetty-servlets/9.4.22.v20191022/jetty-servlets-9.4.22.v20191022.jar:/Users/anismedini/.m2/repository/org/eclipse/jetty/jetty-continuation/9.4.22.v20191022/jetty-continuation-9.4.22.v20191022.jar:/Users/anismedini/.m2/repository/org/eclipse/jetty/jetty-util/9.4.22.v20191022/jetty-util-9.4.22.v20191022.jar:/Users/anismedini/.m2/repository/org/eclipse/jetty/jetty-webapp/9.4.22.v20191022/jetty-webapp-9.4.22.v20191022.jar:/Users/anismedini/.m2/repository/org/eclipse/jetty/jetty-xml/9.4.22.v20191022/jetty-xml-9.4.22.v20191022.jar:/Users/anismedini/.m2/repository/com/fasterxml/jackson/core/jackson-core/2.10.0/jackson-core-2.10.0.jar:/Users/anismedini/.m2/repository/com/fasterxml/jackson/core/jackson-annotations/2.10.0/jackson-annotations-2.10.0.jar:/Users/anismedini/.m2/repository/com/fasterxml/jackson/core/jackson-databind/2.10.0/jackson-databind-2.10.0.jar:/Users/anismedini/.m2/repository/org/apache/httpcomponents/httpclient/4.5.10/httpclient-4.5.10.jar:/Users/anismedini/.m2/repository/org/apache/httpcomponents/httpcore/4.4.12/httpcore-4.4.12.jar:/Users/anismedini/.m2/repository/commons-codec/commons-codec/1.13/commons-codec-1.13.jar:/Users/anismedini/.m2/repository/org/xmlunit/xmlunit-legacy/2.6.3/xmlunit-legacy-2.6.3.jar:/Users/anismedini/.m2/repository/net/sf/jopt-simple/jopt-simple/5.0.3/jopt-simple-5.0.3.jar:/Users/anismedini/.m2/repository/org/apache/commons/commons-lang3/3.9/commons-lang3-3.9.jar:/Users/anismedini/.m2/repository/com/flipkart/zjsonpatch/zjsonpatch/0.4.4/zjsonpatch-0.4.4.jar:/Users/anismedini/.m2/repository/com/github/jknack/handlebars/4.0.7/handlebars-4.0.7.jar:/Users/anismedini/.m2/repository/com/github/jknack/handlebars-helpers/4.0.7/handlebars-helpers-4.0.7.jar:/Users/anismedini/.m2/repository/org/springframework/boot/spring-boot-starter-web/2.2.1.RELEASE/spring-boot-starter-web-2.2.1.RELEASE.jar:/Users/anismedini/.m2/repository/org/springframework/boot/spring-boot-starter-json/2.2.1.RELEASE/spring-boot-starter-json-2.2.1.RELEASE.jar:/Users/anismedini/.m2/repository/com/fasterxml/jackson/datatype/jackson-datatype-jsr310/2.10.0/jackson-datatype-jsr310-2.10.0.jar:/Users/anismedini/.m2/repository/com/fasterxml/jackson/module/jackson-module-parameter-names/2.10.0/jackson-module-parameter-names-2.10.0.jar:/Users/anismedini/.m2/repository/org/springframework/boot/spring-boot-starter-tomcat/2.2.1.RELEASE/spring-boot-starter-tomcat-2.2.1.RELEASE.jar:/Users/anismedini/.m2/repository/org/apache/tomcat/embed/tomcat-embed-core/9.0.27/tomcat-embed-core-9.0.27.jar:/Users/anismedini/.m2/repository/org/apache/tomcat/embed/tomcat-embed-el/9.0.27/tomcat-embed-el-9.0.27.jar:/Users/anismedini/.m2/repository/org/apache/tomcat/embed/tomcat-embed-websocket/9.0.27/tomcat-embed-websocket-9.0.27.jar:/Users/anismedini/.m2/repository/org/springframework/boot/spring-boot-starter-validation/2.2.1.RELEASE/spring-boot-starter-validation-2.2.1.RELEASE.jar:/Users/anismedini/.m2/repository/jakarta/validation/jakarta.validation-api/2.0.1/jakarta.validation-api-2.0.1.jar:/Users/anismedini/.m2/repository/org/hibernate/validator/hibernate-validator/6.0.18.Final/hibernate-validator-6.0.18.Final.jar:/Users/anismedini/.m2/repository/org/springframework/spring-web/5.2.1.RELEASE/spring-web-5.2.1.RELEASE.jar:/Users/anismedini/.m2/repository/org/springframework/spring-beans/5.2.1.RELEASE/spring-beans-5.2.1.RELEASE.jar:/Users/anismedini/.m2/repository/org/springframework/spring-webmvc/5.2.1.RELEASE/spring-webmvc-5.2.1.RELEASE.jar:/Users/anismedini/.m2/repository/org/springframework/spring-aop/5.2.1.RELEASE/spring-aop-5.2.1.RELEASE.jar:/Users/anismedini/.m2/repository/org/springframework/spring-context/5.2.1.RELEASE/spring-context-5.2.1.RELEASE.jar:/Users/anismedini/.m2/repository/org/springframework/spring-expression/5.2.1.RELEASE/spring-expression-5.2.1.RELEASE.jar:/Users/anismedini/.m2/repository/org/springframework/boot/spring-boot-starter-data-jpa/2.2.1.RELEASE/spring-boot-starter-data-jpa-2.2.1.RELEASE.jar:/Users/anismedini/.m2/repository/org/springframework/boot/spring-boot-starter-aop/2.2.1.RELEASE/spring-boot-starter-aop-2.2.1.RELEASE.jar:/Users/anismedini/.m2/repository/org/aspectj/aspectjweaver/1.9.4/aspectjweaver-1.9.4.jar:/Users/anismedini/.m2/repository/org/springframework/boot/spring-boot-starter-jdbc/2.2.1.RELEASE/spring-boot-starter-jdbc-2.2.1.RELEASE.jar:/Users/anismedini/.m2/repository/com/zaxxer/HikariCP/3.4.1/HikariCP-3.4.1.jar:/Users/anismedini/.m2/repository/org/springframework/spring-jdbc/5.2.1.RELEASE/spring-jdbc-5.2.1.RELEASE.jar:/Users/anismedini/.m2/repository/jakarta/activation/jakarta.activation-api/1.2.1/jakarta.activation-api-1.2.1.jar:/Users/anismedini/.m2/repository/jakarta/persistence/jakarta.persistence-api/2.2.3/jakarta.persistence-api-2.2.3.jar:/Users/anismedini/.m2/repository/jakarta/transaction/jakarta.transaction-api/1.3.3/jakarta.transaction-api-1.3.3.jar:/Users/anismedini/.m2/repository/org/hibernate/hibernate-core/5.4.8.Final/hibernate-core-5.4.8.Final.jar:/Users/anismedini/.m2/repository/org/javassist/javassist/3.24.0-GA/javassist-3.24.0-GA.jar:/Users/anismedini/.m2/repository/net/bytebuddy/byte-buddy/1.10.2/byte-buddy-1.10.2.jar:/Users/anismedini/.m2/repository/antlr/antlr/2.7.7/antlr-2.7.7.jar:/Users/anismedini/.m2/repository/org/jboss/jandex/2.0.5.Final/jandex-2.0.5.Final.jar:/Users/anismedini/.m2/repository/com/fasterxml/classmate/1.5.1/classmate-1.5.1.jar:/Users/anismedini/.m2/repository/org/dom4j/dom4j/2.1.1/dom4j-2.1.1.jar:/Users/anismedini/.m2/repository/org/hibernate/common/hibernate-commons-annotations/5.1.0.Final/hibernate-commons-annotations-5.1.0.Final.jar:/Users/anismedini/.m2/repository/org/glassfish/jaxb/jaxb-runtime/2.3.2/jaxb-runtime-2.3.2.jar:/Users/anismedini/.m2/repository/org/glassfish/jaxb/txw2/2.3.2/txw2-2.3.2.jar:/Users/anismedini/.m2/repository/com/sun/istack/istack-commons-runtime/3.0.8/istack-commons-runtime-3.0.8.jar:/Users/anismedini/.m2/repository/org/jvnet/staxex/stax-ex/1.8.1/stax-ex-1.8.1.jar:/Users/anismedini/.m2/repository/com/sun/xml/fastinfoset/FastInfoset/1.2.16/FastInfoset-1.2.16.jar:/Users/anismedini/.m2/repository/org/springframework/data/spring-data-jpa/2.2.1.RELEASE/spring-data-jpa-2.2.1.RELEASE.jar:/Users/anismedini/.m2/repository/org/springframework/data/spring-data-commons/2.2.1.RELEASE/spring-data-commons-2.2.1.RELEASE.jar:/Users/anismedini/.m2/repository/org/springframework/spring-orm/5.2.1.RELEASE/spring-orm-5.2.1.RELEASE.jar:/Users/anismedini/.m2/repository/org/springframework/spring-aspects/5.2.1.RELEASE/spring-aspects-5.2.1.RELEASE.jar:/Users/anismedini/.m2/repository/org/springframework/boot/spring-boot-starter-artemis/2.2.1.RELEASE/spring-boot-starter-artemis-2.2.1.RELEASE.jar:/Users/anismedini/.m2/repository/org/springframework/spring-jms/5.2.1.RELEASE/spring-jms-5.2.1.RELEASE.jar:/Users/anismedini/.m2/repository/jakarta/jms/jakarta.jms-api/2.0.3/jakarta.jms-api-2.0.3.jar:/Users/anismedini/.m2/repository/jakarta/json/jakarta.json-api/1.1.6/jakarta.json-api-1.1.6.jar:/Users/anismedini/.m2/repository/com/h2database/h2/1.4.200/h2-1.4.200.jar:/Users/anismedini/.m2/repository/mysql/mysql-connector-java/8.0.18/mysql-connector-java-8.0.18.jar:/Users/anismedini/.m2/repository/javax/xml/bind/jaxb-api/2.3.0/jaxb-api-2.3.0.jar:/Users/anismedini/.m2/repository/com/sun/xml/bind/jaxb-core/2.3.0/jaxb-core-2.3.0.jar:/Users/anismedini/.m2/repository/com/sun/xml/bind/jaxb-impl/2.3.0/jaxb-impl-2.3.0.jar:/Users/anismedini/.m2/repository/org/springframework/boot/spring-boot-starter/2.2.1.RELEASE/spring-boot-starter-2.2.1.RELEASE.jar:/Users/anismedini/.m2/repository/org/springframework/boot/spring-boot/2.2.1.RELEASE/spring-boot-2.2.1.RELEASE.jar:/Users/anismedini/.m2/repository/org/springframework/boot/spring-boot-autoconfigure/2.2.1.RELEASE/spring-boot-autoconfigure-2.2.1.RELEASE.jar:/Users/anismedini/.m2/repository/org/springframework/boot/spring-boot-starter-logging/2.2.1.RELEASE/spring-boot-starter-logging-2.2.1.RELEASE.jar:/Users/anismedini/.m2/repository/ch/qos/logback/logback-classic/1.2.3/logback-classic-1.2.3.jar:/Users/anismedini/.m2/repository/ch/qos/logback/logback-core/1.2.3/logback-core-1.2.3.jar:/Users/anismedini/.m2/repository/org/apache/logging/log4j/log4j-to-slf4j/2.12.1/log4j-to-slf4j-2.12.1.jar:/Users/anismedini/.m2/repository/org/apache/logging/log4j/log4j-api/2.12.1/log4j-api-2.12.1.jar:/Users/anismedini/.m2/repository/org/slf4j/jul-to-slf4j/1.7.29/jul-to-slf4j-1.7.29.jar:/Users/anismedini/.m2/repository/jakarta/annotation/jakarta.annotation-api/1.3.5/jakarta.annotation-api-1.3.5.jar:/Users/anismedini/.m2/repository/org/springframework/spring-core/5.2.1.RELEASE/spring-core-5.2.1.RELEASE.jar:/Users/anismedini/.m2/repository/org/springframework/spring-jcl/5.2.1.RELEASE/spring-jcl-5.2.1.RELEASE.jar:/Users/anismedini/.m2/repository/org/yaml/snakeyaml/1.25/snakeyaml-1.25.jar:/Users/anismedini/.m2/repository/org/springframework/boot/spring-boot-starter-actuator/2.2.1.RELEASE/spring-boot-starter-actuator-2.2.1.RELEASE.jar:/Users/anismedini/.m2/repository/org/springframework/boot/spring-boot-actuator-autoconfigure/2.2.1.RELEASE/spring-boot-actuator-autoconfigure-2.2.1.RELEASE.jar:/Users/anismedini/.m2/repository/org/springframework/boot/spring-boot-actuator/2.2.1.RELEASE/spring-boot-actuator-2.2.1.RELEASE.jar:/Users/anismedini/.m2/repository/io/micrometer/micrometer-core/1.3.1/micrometer-core-1.3.1.jar:/Users/anismedini/.m2/repository/org/hdrhistogram/HdrHistogram/2.1.11/HdrHistogram-2.1.11.jar:/Users/anismedini/.m2/repository/org/latencyutils/LatencyUtils/2.0.3/LatencyUtils-2.0.3.jar:/Users/anismedini/.m2/repository/org/projectlombok/lombok/1.18.10/lombok-1.18.10.jar:/Users/anismedini/.m2/repository/org/mapstruct/mapstruct/1.3.1.Final/mapstruct-1.3.1.Final.jar:/Users/anismedini/.m2/repository/org/junit/jupiter/junit-jupiter-api/5.5.2/junit-jupiter-api-5.5.2.jar:/Users/anismedini/.m2/repository/org/apiguardian/apiguardian-api/1.1.0/apiguardian-api-1.1.0.jar:/Users/anismedini/.m2/repository/org/opentest4j/opentest4j/1.2.0/opentest4j-1.2.0.jar:/Users/anismedini/.m2/repository/org/junit/platform/junit-platform-commons/1.5.2/junit-platform-commons-1.5.2.jar:/Users/anismedini/.m2/repository/org/junit/jupiter/junit-jupiter-engine/5.5.2/junit-jupiter-engine-5.5.2.jar:/Users/anismedini/.m2/repository/org/junit/platform/junit-platform-engine/1.5.2/junit-platform-engine-1.5.2.jar:/Users/anismedini/.m2/repository/org/mockito/mockito-junit-jupiter/3.1.0/mockito-junit-jupiter-3.1.0.jar:/Users/anismedini/.m2/repository/org/mockito/mockito-core/3.1.0/mockito-core-3.1.0.jar:/Users/anismedini/.m2/repository/net/bytebuddy/byte-buddy-agent/1.10.2/byte-buddy-agent-1.10.2.jar:/Users/anismedini/.m2/repository/org/objenesis/objenesis/2.6/objenesis-2.6.jar:/Users/anismedini/.m2/repository/org/awaitility/awaitility/4.0.1/awaitility-4.0.1.jar:/Users/anismedini/.m2/repository/org/hamcrest/hamcrest/2.1/hamcrest-2.1.jar:/Users/anismedini/.m2/repository/org/spockframework/spock-spring/1.3-groovy-2.5/spock-spring-1.3-groovy-2.5.jar:/Users/anismedini/.m2/repository/org/codehaus/groovy/groovy/2.5.8/groovy-2.5.8.jar:/Users/anismedini/.m2/repository/org/codehaus/groovy/groovy-json/2.5.8/groovy-json-2.5.8.jar:/Users/anismedini/.m2/repository/org/codehaus/groovy/groovy-nio/2.5.8/groovy-nio-2.5.8.jar:/Users/anismedini/.m2/repository/org/codehaus/groovy/groovy-macro/2.5.8/groovy-macro-2.5.8.jar:/Users/anismedini/.m2/repository/org/codehaus/groovy/groovy-templates/2.5.8/groovy-templates-2.5.8.jar:/Users/anismedini/.m2/repository/org/codehaus/groovy/groovy-test/2.5.8/groovy-test-2.5.8.jar:/Users/anismedini/.m2/repository/org/codehaus/groovy/groovy-sql/2.5.8/groovy-sql-2.5.8.jar:/Users/anismedini/.m2/repository/org/codehaus/groovy/groovy-xml/2.5.8/groovy-xml-2.5.8.jar:/Users/anismedini/.m2/repository/org/spockframework/spock-core/1.3-groovy-2.5/spock-core-1.3-groovy-2.5.jar:/Users/anismedini/.m2/repository/junit/junit/4.12/junit-4.12.jar:/Users/anismedini/.m2/repository/org/hamcrest/hamcrest-core/2.1/hamcrest-core-2.1.jar:/Users/anismedini/.m2/repository/org/springframework/statemachine/spring-statemachine-core/2.1.2.RELEASE/spring-statemachine-core-2.1.2.RELEASE.jar:/Users/anismedini/.m2/repository/org/springframework/spring-tx/5.2.1.RELEASE/spring-tx-5.2.1.RELEASE.jar:/Users/anismedini/.m2/repository/org/springframework/spring-messaging/5.2.1.RELEASE/spring-messaging-5.2.1.RELEASE.jar:/Users/anismedini/.m2/repository/com/atlassian/oai/swagger-request-validator-core/2.7.0/swagger-request-validator-core-2.7.0.jar:/Users/anismedini/.m2/repository/io/swagger/parser/v3/swagger-parser/2.0.14/swagger-parser-2.0.14.jar:/Users/anismedini/.m2/repository/io/swagger/parser/v3/swagger-parser-v2-converter/2.0.14/swagger-parser-v2-converter-2.0.14.jar:/Users/anismedini/.m2/repository/io/swagger/swagger-parser/1.0.46/swagger-parser-1.0.46.jar:/Users/anismedini/.m2/repository/io/swagger/swagger-core/1.5.23/swagger-core-1.5.23.jar:/Users/anismedini/.m2/repository/io/swagger/swagger-models/1.5.23/swagger-models-1.5.23.jar:/Users/anismedini/.m2/repository/io/swagger/swagger-annotations/1.5.23/swagger-annotations-1.5.23.jar:/Users/anismedini/.m2/repository/io/swagger/swagger-compat-spec-parser/1.0.46/swagger-compat-spec-parser-1.0.46.jar:/Users/anismedini/.m2/repository/com/github/fge/json-patch/1.6/json-patch-1.6.jar:/Users/anismedini/.m2/repository/com/github/fge/jackson-coreutils/1.6/jackson-coreutils-1.6.jar:/Users/anismedini/.m2/repository/io/swagger/core/v3/swagger-models/2.0.9/swagger-models-2.0.9.jar:/Users/anismedini/.m2/repository/io/swagger/parser/v3/swagger-parser-core/2.0.14/swagger-parser-core-2.0.14.jar:/Users/anismedini/.m2/repository/io/swagger/parser/v3/swagger-parser-v3/2.0.14/swagger-parser-v3-2.0.14.jar:/Users/anismedini/.m2/repository/io/swagger/core/v3/swagger-core/2.0.9/swagger-core-2.0.9.jar:/Users/anismedini/.m2/repository/io/swagger/core/v3/swagger-annotations/2.0.9/swagger-annotations-2.0.9.jar:/Users/anismedini/.m2/repository/javax/validation/validation-api/2.0.1.Final/validation-api-2.0.1.Final.jar:/Users/anismedini/.m2/repository/com/fasterxml/jackson/dataformat/jackson-dataformat-yaml/2.10.0/jackson-dataformat-yaml-2.10.0.jar:/Users/anismedini/.m2/repository/org/slf4j/slf4j-ext/1.7.29/slf4j-ext-1.7.29.jar:/Users/anismedini/.m2/repository/com/github/java-json-tools/json-schema-validator/2.2.11/json-schema-validator-2.2.11.jar:/Users/anismedini/.m2/repository/com/github/java-json-tools/json-schema-core/1.2.10/json-schema-core-1.2.10.jar:/Users/anismedini/.m2/repository/com/github/java-json-tools/jackson-coreutils/1.9/jackson-coreutils-1.9.jar:/Users/anismedini/.m2/repository/com/github/fge/msg-simple/1.1/msg-simple-1.1.jar:/Users/anismedini/.m2/repository/com/github/fge/btf/1.2/btf-1.2.jar:/Users/anismedini/.m2/repository/com/github/fge/uri-template/0.9/uri-template-0.9.jar:/Users/anismedini/.m2/repository/org/mozilla/rhino/1.7.7.1/rhino-1.7.7.1.jar:/Users/anismedini/.m2/repository/com/sun/mail/mailapi/1.6.1/mailapi-1.6.1.jar:/Users/anismedini/.m2/repository/javax/activation/activation/1.1/activation-1.1.jar:/Users/anismedini/.m2/repository/joda-time/joda-time/2.10.5/joda-time-2.10.5.jar:/Users/anismedini/.m2/repository/com/googlecode/libphonenumber/libphonenumber/8.0.0/libphonenumber-8.0.0.jar:/Users/anismedini/.m2/repository/org/slf4j/slf4j-api/1.7.29/slf4j-api-1.7.29.jar:/Users/anismedini/.m2/repository/com/google/guava/guava/28.1-jre/guava-28.1-jre.jar:/Users/anismedini/.m2/repository/com/google/guava/failureaccess/1.0.1/failureaccess-1.0.1.jar:/Users/anismedini/.m2/repository/com/google/guava/listenablefuture/9999.0-empty-to-avoid-conflict-with-guava/listenablefuture-9999.0-empty-to-avoid-conflict-with-guava.jar:/Users/anismedini/.m2/repository/org/checkerframework/checker-qual/2.8.1/checker-qual-2.8.1.jar:/Users/anismedini/.m2/repository/com/google/errorprone/error_prone_annotations/2.3.2/error_prone_annotations-2.3.2.jar:/Users/anismedini/.m2/repository/com/google/j2objc/j2objc-annotations/1.3/j2objc-annotations-1.3.jar:/Users/anismedini/.m2/repository/org/codehaus/mojo/animal-sniffer-annotations/1.18/animal-sniffer-annotations-1.18.jar:/Users/anismedini/.m2/repository/com/google/code/findbugs/jsr305/3.0.2/jsr305-3.0.2.jar:/Users/anismedini/.m2/repository/com/fasterxml/jackson/datatype/jackson-datatype-jdk8/2.10.0/jackson-datatype-jdk8-2.10.0.jar:/Users/anismedini/.m2/repository/com/atlassian/oai/swagger-request-validator-mockmvc/2.7.0/swagger-request-validator-mockmvc-2.7.0.jar:/Users/anismedini/.m2/repository/org/springframework/spring-test/5.2.1.RELEASE/spring-test-5.2.1.RELEASE.jar:/Users/anismedini/.m2/repository/com/atlassian/oai/swagger-request-validator-springmvc/2.7.0/swagger-request-validator-springmvc-2.7.0.jar:/Users/anismedini/.m2/repository/org/springframework/boot/spring-boot-starter-test/2.2.1.RELEASE/spring-boot-starter-test-2.2.1.RELEASE.jar:/Users/anismedini/.m2/repository/org/springframework/boot/spring-boot-test/2.2.1.RELEASE/spring-boot-test-2.2.1.RELEASE.jar:/Users/anismedini/.m2/repository/org/springframework/boot/spring-boot-test-autoconfigure/2.2.1.RELEASE/spring-boot-test-autoconfigure-2.2.1.RELEASE.jar:/Users/anismedini/.m2/repository/com/jayway/jsonpath/json-path/2.4.0/json-path-2.4.0.jar:/Users/anismedini/.m2/repository/net/minidev/json-smart/2.3/json-smart-2.3.jar:/Users/anismedini/.m2/repository/net/minidev/accessors-smart/1.2/accessors-smart-1.2.jar:/Users/anismedini/.m2/repository/org/ow2/asm/asm/5.0.4/asm-5.0.4.jar:/Users/anismedini/.m2/repository/jakarta/xml/bind/jakarta.xml.bind-api/2.3.2/jakarta.xml.bind-api-2.3.2.jar:/Users/anismedini/.m2/repository/org/junit/jupiter/junit-jupiter/5.5.2/junit-jupiter-5.5.2.jar:/Users/anismedini/.m2/repository/org/junit/jupiter/junit-jupiter-params/5.5.2/junit-jupiter-params-5.5.2.jar:/Users/anismedini/.m2/repository/org/junit/vintage/junit-vintage-engine/5.5.2/junit-vintage-engine-5.5.2.jar:/Users/anismedini/.m2/repository/org/assertj/assertj-core/3.13.2/assertj-core-3.13.2.jar:/Users/anismedini/.m2/repository/org/skyscreamer/jsonassert/1.5.0/jsonassert-1.5.0.jar:/Users/anismedini/.m2/repository/com/vaadin/external/google/android-json/0.0.20131108.vaadin1/android-json-0.0.20131108.vaadin1.jar:/Users/anismedini/.m2/repository/org/xmlunit/xmlunit-core/2.6.3/xmlunit-core-2.6.3.jar:"/>
    <property name="sun.cpu.endian" value="little"/>
    <property name="user.home" value="/Users/anismedini"/>
    <property name="user.language" value="en"/>
    <property name="java.specification.vendor" value="Oracle Corporation"/>
    <property name="java.version.date" value="2020-01-14"/>
    <property name="java.home" value="/Users/anismedini/Library/Java/JavaVirtualMachines/corretto-11.0.6/Contents/Home"/>
    <property name="file.separator" value="/"/>
    <property name="basedir" value="/Users/anismedini/Downloads/mssc-beer-order-service-b"/>
    <property name="java.vm.compressedOopsMode" value="Zero based"/>
    <property name="line.separator" value="&#10;"/>
    <property name="java.specification.name" value="Java Platform API Specification"/>
    <property name="java.vm.specification.vendor" value="Oracle Corporation"/>
    <property name="java.awt.graphicsenv" value="sun.awt.CGraphicsEnvironment"/>
    <property name="surefire.real.class.path" value="/Users/anismedini/Downloads/mssc-beer-order-service-b/target/surefire/surefirebooter3688555118091119334.jar"/>
    <property name="sun.management.compiler" value="HotSpot 64-Bit Tiered Compilers"/>
    <property name="ftp.nonProxyHosts" value="local|*.local|169.254/16|*.169.254/16"/>
    <property name="java.runtime.version" value="11.0.6+10-LTS"/>
    <property name="user.name" value="anismedini"/>
    <property name="path.separator" value=":"/>
    <property name="os.version" value="10.15.7"/>
    <property name="java.runtime.name" value="OpenJDK Runtime Environment"/>
    <property name="file.encoding" value="UTF-8"/>
    <property name="java.vm.name" value="OpenJDK 64-Bit Server VM"/>
    <property name="java.vendor.version" value="Corretto-11.0.6.10.1"/>
    <property name="localRepository" value="/Users/anismedini/.m2/repository"/>
    <property name="java.vendor.url.bug" value="https://github.com/corretto/corretto-11/issues/"/>
    <property name="java.io.tmpdir" value="/var/folders/zf/9r0q9m491jb6rdwtnql5kbyw0000gn/T/"/>
    <property name="idea.version" value="2020.2.2"/>
    <property name="java.version" value="11.0.6"/>
    <property name="user.dir" value="/Users/anismedini/Downloads/mssc-beer-order-service-b"/>
    <property name="os.arch" value="x86_64"/>
    <property name="java.vm.specification.name" value="Java Virtual Machine Specification"/>
    <property name="java.awt.printerjob" value="sun.lwawt.macosx.CPrinterJob"/>
    <property name="sun.os.patch.level" value="unknown"/>
    <property name="java.library.path" value="/Users/anismedini/Library/Java/Extensions:/Library/Java/Extensions:/Network/Library/Java/Extensions:/System/Library/Java/Extensions:/usr/lib/java:."/>
    <property name="java.vendor" value="Amazon.com Inc."/>
    <property name="java.vm.info" value="mixed mode"/>
    <property name="java.vm.version" value="11.0.6+10-LTS"/>
    <property name="sun.io.unicode.encoding" value="UnicodeBig"/>
    <property name="java.class.version" value="55.0"/>
    <property name="socksNonProxyHosts" value="local|*.local|169.254/16|*.169.254/16"/>
  </properties>
  <testcase name="itShouldAllocated" classname="anis.com.beer.order.service.services.BeerOrderManagerImpIT" time="0.165">
    <error message="java.lang.RuntimeException: java.io.IOException: Failed to bind to /0.0.0.0:8080" type="com.github.tomakehurst.wiremock.common.FatalStartupException">com.github.tomakehurst.wiremock.common.FatalStartupException: java.lang.RuntimeException: java.io.IOException: Failed to bind to /0.0.0.0:8080
Caused by: java.lang.RuntimeException: java.io.IOException: Failed to bind to /0.0.0.0:8080
Caused by: java.io.IOException: Failed to bind to /0.0.0.0:8080
Caused by: java.net.BindException: Address already in use
</error>
    <system-out><![CDATA[23:26:45.063 [main] DEBUG org.springframework.test.context.BootstrapUtils - Instantiating CacheAwareContextLoaderDelegate from class [org.springframework.test.context.cache.DefaultCacheAwareContextLoaderDelegate]
23:26:45.091 [main] DEBUG org.springframework.test.context.BootstrapUtils - Instantiating BootstrapContext using constructor [public org.springframework.test.context.support.DefaultBootstrapContext(java.lang.Class,org.springframework.test.context.CacheAwareContextLoaderDelegate)]
23:26:45.135 [main] DEBUG org.springframework.test.context.BootstrapUtils - Instantiating TestContextBootstrapper for test class [anis.com.beer.order.service.services.BeerOrderManagerImpIT] from class [org.springframework.boot.test.context.SpringBootTestContextBootstrapper]
23:26:45.165 [main] INFO org.springframework.boot.test.context.SpringBootTestContextBootstrapper - Neither @ContextConfiguration nor @ContextHierarchy found for test class [anis.com.beer.order.service.services.BeerOrderManagerImpIT], using SpringBootContextLoader
23:26:45.175 [main] DEBUG org.springframework.test.context.support.AbstractContextLoader - Did not detect default resource location for test class [anis.com.beer.order.service.services.BeerOrderManagerImpIT]: class path resource [anis/com/beer/order/service/services/BeerOrderManagerImpIT-context.xml] does not exist
23:26:45.176 [main] DEBUG org.springframework.test.context.support.AbstractContextLoader - Did not detect default resource location for test class [anis.com.beer.order.service.services.BeerOrderManagerImpIT]: class path resource [anis/com/beer/order/service/services/BeerOrderManagerImpITContext.groovy] does not exist
23:26:45.176 [main] INFO org.springframework.test.context.support.AbstractContextLoader - Could not detect default resource locations for test class [anis.com.beer.order.service.services.BeerOrderManagerImpIT]: no resource found for suffixes {-context.xml, Context.groovy}.
23:26:45.256 [main] DEBUG org.springframework.test.context.support.ActiveProfilesUtils - Could not find an 'annotation declaring class' for annotation type [org.springframework.test.context.ActiveProfiles] and class [anis.com.beer.order.service.services.BeerOrderManagerImpIT]
23:26:45.363 [main] DEBUG org.springframework.context.annotation.ClassPathScanningCandidateComponentProvider - Identified candidate component class: file [/Users/anismedini/Downloads/mssc-beer-order-service-b/target/classes/anis/com/beer/order/service/BeerOrderServiceApplication.class]
23:26:45.363 [main] INFO org.springframework.boot.test.context.SpringBootTestContextBootstrapper - Found @SpringBootConfiguration anis.com.beer.order.service.BeerOrderServiceApplication for test class anis.com.beer.order.service.services.BeerOrderManagerImpIT
23:26:45.613 [main] DEBUG org.springframework.boot.test.context.SpringBootTestContextBootstrapper - @TestExecutionListeners is not present for class [anis.com.beer.order.service.services.BeerOrderManagerImpIT]: using defaults.
23:26:45.614 [main] INFO org.springframework.boot.test.context.SpringBootTestContextBootstrapper - Loaded default TestExecutionListener class names from location [META-INF/spring.factories]: [org.spockframework.spring.SpringMockTestExecutionListener, org.springframework.test.context.web.ServletTestExecutionListener, org.springframework.test.context.support.DirtiesContextBeforeModesTestExecutionListener, org.springframework.test.context.support.DependencyInjectionTestExecutionListener, org.springframework.test.context.support.DirtiesContextTestExecutionListener, org.springframework.test.context.transaction.TransactionalTestExecutionListener, org.springframework.test.context.jdbc.SqlScriptsTestExecutionListener, org.springframework.test.context.event.EventPublishingTestExecutionListener, org.springframework.boot.test.mock.mockito.MockitoTestExecutionListener, org.springframework.boot.test.mock.mockito.ResetMocksTestExecutionListener, org.springframework.boot.test.autoconfigure.restdocs.RestDocsTestExecutionListener, org.springframework.boot.test.autoconfigure.web.client.MockRestServiceServerResetTestExecutionListener, org.springframework.boot.test.autoconfigure.web.servlet.MockMvcPrintOnlyOnFailureTestExecutionListener, org.springframework.boot.test.autoconfigure.web.servlet.WebDriverTestExecutionListener]
23:26:45.643 [main] INFO org.springframework.boot.test.context.SpringBootTestContextBootstrapper - Using TestExecutionListeners: [org.springframework.test.context.web.ServletTestExecutionListener@14eb96e9, org.springframework.test.context.support.DirtiesContextBeforeModesTestExecutionListener@10b3ea72, org.springframework.boot.test.mock.mockito.MockitoTestExecutionListener@44587c44, org.springframework.boot.test.autoconfigure.SpringBootDependencyInjectionTestExecutionListener@618fb1, org.springframework.test.context.support.DirtiesContextTestExecutionListener@48751d8a, org.springframework.test.context.transaction.TransactionalTestExecutionListener@471a9e8c, org.springframework.test.context.jdbc.SqlScriptsTestExecutionListener@40277077, org.springframework.test.context.event.EventPublishingTestExecutionListener@4cb773c5, org.springframework.boot.test.mock.mockito.ResetMocksTestExecutionListener@2c4eae94, org.springframework.boot.test.autoconfigure.restdocs.RestDocsTestExecutionListener@3f33bb6f, org.springframework.boot.test.autoconfigure.web.client.MockRestServiceServerResetTestExecutionListener@446cc036, org.springframework.boot.test.autoconfigure.web.servlet.MockMvcPrintOnlyOnFailureTestExecutionListener@33b2ba25, org.springframework.boot.test.autoconfigure.web.servlet.WebDriverTestExecutionListener@6ad198c9, org.spockframework.spring.SpringMockTestExecutionListener@481bae3f]
23:26:45.648 [main] DEBUG org.springframework.test.context.support.AbstractDirtiesContextTestExecutionListener - Before test class: context [DefaultTestContext@362c48c testClass = BeerOrderManagerImpIT, testInstance = [null], testMethod = [null], testException = [null], mergedContextConfiguration = [WebMergedContextConfiguration@62aee901 testClass = BeerOrderManagerImpIT, locations = '{}', classes = '{class anis.com.beer.order.service.BeerOrderServiceApplication, class anis.com.beer.order.service.services.BeerOrderManagerImpIT$RestTemplateBuilderProvider}', contextInitializerClasses = '[]', activeProfiles = '{}', propertySourceLocations = '{}', propertySourceProperties = '{org.springframework.boot.test.context.SpringBootTestContextBootstrapper=true}', contextCustomizers = set[org.spockframework.spring.mock.SpockContextCustomizer@0, org.springframework.boot.test.context.filter.ExcludeFilterContextCustomizer@4d354a3e, org.springframework.boot.test.json.DuplicateJsonObjectContextCustomizerFactory$DuplicateJsonObjectContextCustomizer@666618d6, org.springframework.boot.test.mock.mockito.MockitoContextCustomizer@0, org.springframework.boot.test.web.client.TestRestTemplateContextCustomizer@5cfed0ba, org.springframework.boot.test.autoconfigure.properties.PropertyMappingContextCustomizer@0, org.springframework.boot.test.autoconfigure.web.servlet.WebDriverContextCustomizerFactory$Customizer@212fafd1], resourceBasePath = 'src/main/webapp', contextLoader = 'org.springframework.boot.test.context.SpringBootContextLoader', parent = [null]], attributes = map['org.springframework.test.context.web.ServletTestExecutionListener.activateListener' -> true]], class annotated with @DirtiesContext [false] with mode [null].
23:26:45.742 [main] DEBUG org.springframework.test.context.support.TestPropertySourceUtils - Adding inlined properties to environment: {spring.jmx.enabled=false, org.springframework.boot.test.context.SpringBootTestContextBootstrapper=true, server.port=-1}

  .   ____          _            __ _ _
 /\\ / ___'_ __ _ _(_)_ __  __ _ \ \ \ \
( ( )\___ | '_ | '_| | '_ \/ _` | \ \ \ \
 \\/  ___)| |_)| | | | | || (_| |  ) ) ) )
  '  |____| .__|_| |_|_| |_\__, | / / / /
 =========|_|==============|___/=/_/_/_/
 :: Spring Boot ::        (v2.2.1.RELEASE)

2020-09-29 23:26:46.121  INFO 5122 --- [           main] a.c.b.o.s.s.BeerOrderManagerImpIT        : Starting BeerOrderManagerImpIT on Aniss-MacBook-Pro.local with PID 5122 (started by anismedini in /Users/anismedini/Downloads/mssc-beer-order-service-b)
2020-09-29 23:26:46.122 DEBUG 5122 --- [           main] a.c.b.o.s.s.BeerOrderManagerImpIT        : Running with Spring Boot v2.2.1.RELEASE, Spring v5.2.1.RELEASE
2020-09-29 23:26:46.123  INFO 5122 --- [           main] a.c.b.o.s.s.BeerOrderManagerImpIT        : No active profile set, falling back to default profiles: default
2020-09-29 23:26:47.758  INFO 5122 --- [           main] .s.d.r.c.RepositoryConfigurationDelegate : Bootstrapping Spring Data repositories in DEFAULT mode.
2020-09-29 23:26:47.851  INFO 5122 --- [           main] .s.d.r.c.RepositoryConfigurationDelegate : Finished Spring Data repository scanning in 80ms. Found 3 repository interfaces.
2020-09-29 23:26:48.463  INFO 5122 --- [           main] trationDelegate$BeanPostProcessorChecker : Bean 'org.springframework.transaction.annotation.ProxyTransactionManagementConfiguration' of type [org.springframework.transaction.annotation.ProxyTransactionManagementConfiguration] is not eligible for getting processed by all BeanPostProcessors (for example: not eligible for auto-proxying)
2020-09-29 23:26:48.503  INFO 5122 --- [           main] trationDelegate$BeanPostProcessorChecker : Bean 'org.springframework.statemachine.config.configuration.StateMachineAnnotationPostProcessorConfiguration' of type [org.springframework.statemachine.config.configuration.StateMachineAnnotationPostProcessorConfiguration$$EnhancerBySpringCGLIB$$564a276f] is not eligible for getting processed by all BeanPostProcessors (for example: not eligible for auto-proxying)
2020-09-29 23:26:48.713  INFO 5122 --- [           main] com.zaxxer.hikari.HikariDataSource       : HikariPool-1 - Starting...
2020-09-29 23:26:49.089  INFO 5122 --- [           main] com.zaxxer.hikari.HikariDataSource       : HikariPool-1 - Start completed.
2020-09-29 23:26:49.183  INFO 5122 --- [           main] o.hibernate.jpa.internal.util.LogHelper  : HHH000204: Processing PersistenceUnitInfo [name: default]
2020-09-29 23:26:49.296  INFO 5122 --- [           main] org.hibernate.Version                    : HHH000412: Hibernate Core {5.4.8.Final}
2020-09-29 23:26:49.548  INFO 5122 --- [           main] o.hibernate.annotations.common.Version   : HCANN000001: Hibernate Commons Annotations {5.1.0.Final}
2020-09-29 23:26:49.742  INFO 5122 --- [           main] org.hibernate.dialect.Dialect            : HHH000400: Using dialect: org.hibernate.dialect.H2Dialect
2020-09-29 23:26:50.708  INFO 5122 --- [           main] o.h.e.t.j.p.i.JtaPlatformInitiator       : HHH000490: Using JtaPlatform implementation: [org.hibernate.engine.transaction.jta.platform.internal.NoJtaPlatform]
2020-09-29 23:26:50.715  INFO 5122 --- [           main] j.LocalContainerEntityManagerFactoryBean : Initialized JPA EntityManagerFactory for persistence unit 'default'
2020-09-29 23:26:50.918 ERROR 5122 --- [           main] javax.management.mbeanserver             : The LogManager accessed before the "java.util.logging.manager" system property was set to "org.jboss.logmanager.LogManager". Results may be unexpected.
2020-09-29 23:26:50.994  INFO 5122 --- [           main] org.apache.activemq.artemis.core.server  : AMQ221000: live Message Broker is starting with configuration Broker Configuration (clustered=false,journalDirectory=/var/folders/zf/9r0q9m491jb6rdwtnql5kbyw0000gn/T/artemis-data/journal,bindingsDirectory=data/bindings,largeMessagesDirectory=data/largemessages,pagingDirectory=data/paging)
2020-09-29 23:26:51.004  INFO 5122 --- [           main] org.apache.activemq.artemis.core.server  : AMQ221045: libaio is not available, switching the configuration into NIO
2020-09-29 23:26:51.024  INFO 5122 --- [           main] org.apache.activemq.artemis.core.server  : AMQ221057: Global Max Size is being adjusted to 1/2 of the JVM max size (-Xmx). being defined as 2,147,483,648
2020-09-29 23:26:51.051  INFO 5122 --- [           main] org.apache.activemq.artemis.core.server  : AMQ221043: Protocol module found: [artemis-server]. Adding protocol support for: CORE
2020-09-29 23:26:51.095  INFO 5122 --- [           main] org.apache.activemq.audit.base           : AMQ601138: User anonymous is getting notification info on target resource: null []
2020-09-29 23:26:51.097  INFO 5122 --- [           main] org.apache.activemq.audit.base           : AMQ601019: User anonymous is getting mbean info on target resource: org.apache.activemq.artemis.core.management.impl.ActiveMQServerControlImpl@2c57b4c7 []
2020-09-29 23:26:51.097  INFO 5122 --- [           main] org.apache.activemq.audit.base           : AMQ601138: User anonymous is getting notification info on target resource: ActiveMQServerImpl::serverUUID=ecdfac6e-02e5-11eb-aa6e-96ec65d9b308 []
2020-09-29 23:26:51.108  INFO 5122 --- [           main] org.apache.activemq.artemis.core.server  : AMQ224092: Despite disabled persistence, page files will be persisted.
2020-09-29 23:26:51.113  INFO 5122 --- [           main] org.apache.activemq.artemis.core.server  : AMQ221080: Deploying address DLQ supporting [ANYCAST]
2020-09-29 23:26:51.118  INFO 5122 --- [           main] org.apache.activemq.audit.base           : AMQ601019: User anonymous is getting mbean info on target resource: org.apache.activemq.artemis.core.management.impl.AddressControlImpl@6ec8bd12 []
2020-09-29 23:26:51.154  INFO 5122 --- [           main] org.apache.activemq.artemis.core.server  : AMQ221003: Deploying ANYCAST queue DLQ on address DLQ
2020-09-29 23:26:51.274  INFO 5122 --- [           main] org.apache.activemq.audit.base           : AMQ601019: User anonymous is getting mbean info on target resource: org.apache.activemq.artemis.core.management.impl.QueueControlImpl@34fd16e6 []
2020-09-29 23:26:51.277  INFO 5122 --- [           main] org.apache.activemq.artemis.core.server  : AMQ221080: Deploying address ExpiryQueue supporting [ANYCAST]
2020-09-29 23:26:51.278  INFO 5122 --- [           main] org.apache.activemq.audit.base           : AMQ601019: User anonymous is getting mbean info on target resource: org.apache.activemq.artemis.core.management.impl.AddressControlImpl@5df9994a []
2020-09-29 23:26:51.278  INFO 5122 --- [           main] org.apache.activemq.artemis.core.server  : AMQ221003: Deploying ANYCAST queue ExpiryQueue on address ExpiryQueue
2020-09-29 23:26:51.280  INFO 5122 --- [           main] org.apache.activemq.audit.base           : AMQ601019: User anonymous is getting mbean info on target resource: org.apache.activemq.artemis.core.management.impl.QueueControlImpl@354be785 []
2020-09-29 23:26:51.284  INFO 5122 --- [           main] org.apache.activemq.audit.base           : AMQ601019: User anonymous is getting mbean info on target resource: org.apache.activemq.artemis.core.management.impl.AddressControlImpl@6b627a84 []
2020-09-29 23:26:51.311  INFO 5122 --- [           main] org.apache.activemq.audit.base           : AMQ601019: User anonymous is getting mbean info on target resource: org.apache.activemq.artemis.core.management.impl.AcceptorControlImpl@2323430c []
2020-09-29 23:26:51.316  INFO 5122 --- [           main] org.apache.activemq.artemis.core.server  : AMQ221007: Server is now live
2020-09-29 23:26:51.316  INFO 5122 --- [           main] org.apache.activemq.artemis.core.server  : AMQ221001: Apache ActiveMQ Artemis Message Broker version 2.10.1 [localhost, nodeID=ecdfac6e-02e5-11eb-aa6e-96ec65d9b308] 
2020-09-29 23:26:52.671  INFO 5122 --- [           main] org.eclipse.jetty.util.log               : Logging initialized @8892ms to org.eclipse.jetty.util.log.Slf4jLog
2020-09-29 23:26:52.870  INFO 5122 --- [           main] org.eclipse.jetty.server.Server          : jetty-9.4.22.v20191022; built: 2019-10-22T13:37:13.455Z; git: b1e6b55512e008f7fbdf1cbea4ff8a6446d1073b; jvm 11.0.6+10-LTS
2020-09-29 23:26:52.901  INFO 5122 --- [           main] o.e.jetty.server.handler.ContextHandler  : Started o.e.j.s.ServletContextHandler@507f721f{/__admin,null,AVAILABLE}
2020-09-29 23:26:52.905  INFO 5122 --- [           main] o.e.jetty.server.handler.ContextHandler  : Started o.e.j.s.ServletContextHandler@96dde8f{/,null,AVAILABLE}
2020-09-29 23:26:52.948  INFO 5122 --- [           main] o.e.jetty.server.AbstractConnector       : Started NetworkTrafficServerConnector@762bcc4a{HTTP/1.1,[http/1.1]}{0.0.0.0:8084}
2020-09-29 23:26:52.948  INFO 5122 --- [           main] org.eclipse.jetty.server.Server          : Started @9169ms
2020-09-29 23:26:53.198  WARN 5122 --- [           main] JpaBaseConfiguration$JpaWebConfiguration : spring.jpa.open-in-view is enabled by default. Therefore, database queries may be performed during view rendering. Explicitly configure spring.jpa.open-in-view to disable this warning
2020-09-29 23:26:53.871  WARN 5122 --- [           main] .b.a.g.t.GroovyTemplateAutoConfiguration : Cannot find template location: classpath:/templates/ (please add some templates, check your Groovy configuration, or set spring.groovy.template.check-template-location=false)
2020-09-29 23:26:54.343  INFO 5122 --- [           main] o.s.b.a.e.web.EndpointLinksResolver      : Exposing 2 endpoint(s) beneath base path '/actuator'
2020-09-29 23:26:54.581  INFO 5122 --- [308-1001367425)] org.apache.activemq.audit.base           : AMQ601267: User anonymous is creating a core session on target resource ActiveMQServerImpl::serverUUID=ecdfac6e-02e5-11eb-aa6e-96ec65d9b308 [with parameters: [ef052486-02e5-11eb-aa6e-96ec65d9b308, null, ****, 102400, RemotingConnectionImpl [ID=eef015e3-02e5-11eb-aa6e-96ec65d9b308, clientID=null, nodeID=ecdfac6e-02e5-11eb-aa6e-96ec65d9b308, transportConnection=InVMConnection [serverID=0, id=eef015e3-02e5-11eb-aa6e-96ec65d9b308]], false, false, false, false, null, org.apache.activemq.artemis.core.protocol.core.impl.CoreSessionCallback@100a5a2b, true, org.apache.activemq.artemis.core.persistence.impl.nullpm.NullStorageManager$2@50284e32, anonymous]]
2020-09-29 23:26:54.636  INFO 5122 --- [308-1001367425)] org.apache.activemq.audit.base           : AMQ601267: User anonymous is creating a core session on target resource ActiveMQServerImpl::serverUUID=ecdfac6e-02e5-11eb-aa6e-96ec65d9b308 [with parameters: [ef0d61e7-02e5-11eb-aa6e-96ec65d9b308, null, ****, 102400, RemotingConnectionImpl [ID=eef015e3-02e5-11eb-aa6e-96ec65d9b308, clientID=null, nodeID=ecdfac6e-02e5-11eb-aa6e-96ec65d9b308, transportConnection=InVMConnection [serverID=0, id=eef015e3-02e5-11eb-aa6e-96ec65d9b308]], false, false, false, false, null, org.apache.activemq.artemis.core.protocol.core.impl.CoreSessionCallback@5220dd06, true, org.apache.activemq.artemis.core.persistence.impl.nullpm.NullStorageManager$2@50284e32, anonymous]]
2020-09-29 23:26:54.647  INFO 5122 --- [           main] a.c.b.o.s.s.BeerOrderManagerImpIT        : Started BeerOrderManagerImpIT in 8.891 seconds (JVM running for 10.868)
2020-09-29 23:26:54.651  INFO 5122 --- [308-1001367425)] org.apache.activemq.audit.base           : AMQ601267: User anonymous is creating a core session on target resource ActiveMQServerImpl::serverUUID=ecdfac6e-02e5-11eb-aa6e-96ec65d9b308 [with parameters: [ef0fd2e8-02e5-11eb-aa6e-96ec65d9b308, null, ****, 102400, RemotingConnectionImpl [ID=eef015e3-02e5-11eb-aa6e-96ec65d9b308, clientID=null, nodeID=ecdfac6e-02e5-11eb-aa6e-96ec65d9b308, transportConnection=InVMConnection [serverID=0, id=eef015e3-02e5-11eb-aa6e-96ec65d9b308]], false, false, false, false, null, org.apache.activemq.artemis.core.protocol.core.impl.CoreSessionCallback@125aae6, true, org.apache.activemq.artemis.core.persistence.impl.nullpm.NullStorageManager$2@50284e32, anonymous]]
2020-09-29 23:26:54.656  INFO 5122 --- [308-1001367425)] org.apache.activemq.audit.base           : AMQ601267: User anonymous is creating a core session on target resource ActiveMQServerImpl::serverUUID=ecdfac6e-02e5-11eb-aa6e-96ec65d9b308 [with parameters: [ef106f29-02e5-11eb-aa6e-96ec65d9b308, null, ****, 102400, RemotingConnectionImpl [ID=eef015e3-02e5-11eb-aa6e-96ec65d9b308, clientID=null, nodeID=ecdfac6e-02e5-11eb-aa6e-96ec65d9b308, transportConnection=InVMConnection [serverID=0, id=eef015e3-02e5-11eb-aa6e-96ec65d9b308]], false, false, false, false, null, org.apache.activemq.artemis.core.protocol.core.impl.CoreSessionCallback@11445c39, true, org.apache.activemq.artemis.core.persistence.impl.nullpm.NullStorageManager$2@50284e32, anonymous]]
2020-09-29 23:26:54.677  INFO 5122 --- [Impl$6@895043f)] org.apache.activemq.audit.base           : AMQ601065: User anonymous is creating a queue on target resource: ServerSessionImpl(jms-session=*N/A*) [with parameters: [Address [name=validate-order, id=0, routingTypes={ANYCAST}, autoCreated=false, paused=false], validate-order, null, false, true, -1, false, false, false, -1, null, false, null, false, 0, -1, true, 0, 0, true]]
2020-09-29 23:26:54.677  INFO 5122 --- [Impl$6@895043f)] org.apache.activemq.audit.base           : AMQ601065: User anonymous is creating a queue on target resource: ServerSessionImpl(jms-session=*N/A*) [with parameters: [Address [name=validate-order-response, id=0, routingTypes={ANYCAST}, autoCreated=false, paused=false], validate-order-response, null, false, true, -1, false, false, false, -1, null, false, null, false, 0, -1, true, 0, 0, true]]
2020-09-29 23:26:54.677  INFO 5122 --- [Impl$6@895043f)] org.apache.activemq.audit.base           : AMQ601065: User anonymous is creating a queue on target resource: ServerSessionImpl(jms-session=*N/A*) [with parameters: [Address [name=allocate-order-response, id=0, routingTypes={ANYCAST}, autoCreated=false, paused=false], allocate-order-response, null, false, true, -1, false, false, false, -1, null, false, null, false, 0, -1, true, 0, 0, true]]
2020-09-29 23:26:54.680  INFO 5122 --- [Impl$6@895043f)] org.apache.activemq.audit.base           : AMQ601019: User anonymous is getting mbean info on target resource: org.apache.activemq.artemis.core.management.impl.AddressControlImpl@56617d53 []
2020-09-29 23:26:54.681  INFO 5122 --- [Impl$6@895043f)] org.apache.activemq.audit.base           : AMQ601019: User anonymous is getting mbean info on target resource: org.apache.activemq.artemis.core.management.impl.AddressControlImpl@2d0d3ea6 []
2020-09-29 23:26:54.682  INFO 5122 --- [Impl$6@895043f)] org.apache.activemq.audit.base           : AMQ601019: User anonymous is getting mbean info on target resource: org.apache.activemq.artemis.core.management.impl.AddressControlImpl@4bb6bc8c []
2020-09-29 23:26:54.683  INFO 5122 --- [Impl$6@895043f)] org.apache.activemq.audit.base           : AMQ601019: User anonymous is getting mbean info on target resource: org.apache.activemq.artemis.core.management.impl.QueueControlImpl@596a018d []
2020-09-29 23:26:54.685  INFO 5122 --- [Impl$6@895043f)] org.apache.activemq.audit.base           : AMQ601019: User anonymous is getting mbean info on target resource: org.apache.activemq.artemis.core.management.impl.QueueControlImpl@4f893122 []
2020-09-29 23:26:54.687  INFO 5122 --- [Impl$6@895043f)] org.apache.activemq.audit.base           : AMQ601265: User anonymous is creating a core consumer on target resource ServerSessionImpl(jms-session=*N/A*) [with parameters: [0, validate-order, null, 0, false, true, null]]
2020-09-29 23:26:54.687  INFO 5122 --- [Impl$6@895043f)] org.apache.activemq.audit.base           : AMQ601019: User anonymous is getting mbean info on target resource: org.apache.activemq.artemis.core.management.impl.QueueControlImpl@4e688cc1 []
2020-09-29 23:26:54.687  INFO 5122 --- [Impl$6@895043f)] org.apache.activemq.audit.base           : AMQ601265: User anonymous is creating a core consumer on target resource ServerSessionImpl(jms-session=*N/A*) [with parameters: [0, allocate-order-response, null, 0, false, true, null]]
2020-09-29 23:26:54.689  INFO 5122 --- [Impl$6@895043f)] org.apache.activemq.audit.base           : AMQ601265: User anonymous is creating a core consumer on target resource ServerSessionImpl(jms-session=*N/A*) [with parameters: [0, validate-order-response, null, 0, false, true, null]]
2020-09-29 23:26:54.920 ERROR 5122 --- [pool-2-thread-1] a.c.b.o.s.services.TastingRoomService    : Too many or too few tasting room customers found
2020-09-29 23:26:54.991 DEBUG 5122 --- [           main] a.c.b.o.s.bootstrap.BeerOrderBootStrap   : Tasting Room Customer Id: 9466c733-5a85-496c-a58c-1bb07a293a36
2020-09-29 23:26:55.021  INFO 5122 --- [           main] org.eclipse.jetty.server.Server          : jetty-9.4.22.v20191022; built: 2019-10-22T13:37:13.455Z; git: b1e6b55512e008f7fbdf1cbea4ff8a6446d1073b; jvm 11.0.6+10-LTS
2020-09-29 23:26:55.023  INFO 5122 --- [           main] o.e.jetty.server.handler.ContextHandler  : Started o.e.j.s.ServletContextHandler@3c979833{/__admin,null,AVAILABLE}
2020-09-29 23:26:55.023  INFO 5122 --- [           main] o.e.jetty.server.handler.ContextHandler  : Started o.e.j.s.ServletContextHandler@36c68f33{/,null,AVAILABLE}
2020-09-29 23:26:55.151  INFO 5122 --- [           main] o.e.jetty.server.AbstractConnector       : Stopped NetworkTrafficServerConnector@117bcf28{HTTP/1.1,[http/1.1]}{0.0.0.0:8080}
2020-09-29 23:26:55.153  INFO 5122 --- [           main] o.e.jetty.server.handler.ContextHandler  : Stopped o.e.j.s.ServletContextHandler@36c68f33{/,null,UNAVAILABLE}
2020-09-29 23:26:55.153  INFO 5122 --- [           main] o.e.jetty.server.handler.ContextHandler  : Stopped o.e.j.s.ServletContextHandler@3c979833{/__admin,null,UNAVAILABLE}
]]></system-out>
  </testcase>
</testsuite>